Log file open, 03/24/22 04:42:56
LogWindows: Failed to load 'aqProf.dll' (GetLastError=126)
LogWindows: File 'aqProf.dll' does not exist
LogWindows: Failed to load 'VtuneApi.dll' (GetLastError=126)
LogWindows: File 'VtuneApi.dll' does not exist
LogWindows: Failed to load 'VtuneApi32e.dll' (GetLastError=126)
LogWindows: File 'VtuneApi32e.dll' does not exist
LogConsoleResponse: Display: Failed to find resolution value strings in scalability ini. Falling back to default.
LogConsoleResponse: Display: Failed to find resolution value strings in scalability ini. Falling back to default.
LogInit: Display: Running engine for game: SpaceShip
LogPlatformFile: Not using cached read wrapper
LogTaskGraph: Started task graph with 5 named threads and 35 total threads with 3 sets of task threads.
LogStats: Stats thread started at 0.246035
LogICUInternationalization: ICU TimeZone Detection - Raw Offset: -5:00, Platform Override: ''
LogInit: Display: Loading text-based GConfig....
LogPluginManager: Mounting plugin MeshPainting
LogPluginManager: Mounting plugin XGEController
LogPluginManager: Mounting plugin Paper2D
LogPluginManager: Mounting plugin EnvironmentQueryEditor
LogPluginManager: Mounting plugin AISupport
LogPluginManager: Mounting plugin LightPropagationVolume
LogPluginManager: Mounting plugin LiveLink
LogPluginManager: Mounting plugin CameraShakePreviewer
LogPluginManager: Mounting plugin GameplayCameras
LogPluginManager: Mounting plugin OodleNetwork
LogPluginManager: Mounting plugin OodleData
LogPluginManager: Mounting plugin DatasmithContent
LogPluginManager: Mounting plugin VariantManagerContent
LogPluginManager: Mounting plugin AssetManagerEditor
LogPluginManager: Mounting plugin CryptoKeys
LogPluginManager: Mounting plugin DataValidation
LogPluginManager: Mounting plugin FacialAnimation
LogPluginManager: Mounting plugin GameplayTagsEditor
LogPluginManager: Mounting plugin GeometryMode
LogPluginManager: Mounting plugin CurveEditorTools
LogPluginManager: Mounting plugin MacGraphicsSwitching
LogPluginManager: Mounting plugin MaterialAnalyzer
LogPluginManager: Mounting plugin MobileLauncherProfileWizard
LogPluginManager: Mounting plugin SpeedTreeImporter
LogPluginManager: Mounting plugin AlembicImporter
LogPluginManager: Mounting plugin PluginBrowser
LogPluginManager: Mounting plugin AnimationSharing
LogPluginManager: Mounting plugin AutomationUtils
LogPluginManager: Mounting plugin Niagara
LogPluginManager: Mounting plugin BackChannel
LogPluginManager: Mounting plugin CLionSourceCodeAccess
LogPluginManager: Mounting plugin ChaosCloth
LogPluginManager: Mounting plugin ChaosEditor
LogPluginManager: Mounting plugin ChaosClothEditor
LogPluginManager: Mounting plugin ChaosNiagara
LogPluginManager: Mounting plugin ChaosSolverPlugin
LogPluginManager: Mounting plugin CharacterAI
LogPluginManager: Mounting plugin GeometryCache
LogPluginManager: Mounting plugin GeometryCollectionPlugin
LogPluginManager: Mounting plugin CodeLiteSourceCodeAccess
LogPluginManager: Mounting plugin KDevelopSourceCodeAccess
LogPluginManager: Mounting plugin NullSourceCodeAccess
LogPluginManager: Mounting plugin GitSourceControl
LogPluginManager: Mounting plugin PixWinPlugin
LogPluginManager: Mounting plugin PerforceSourceControl
LogPluginManager: Mounting plugin PluginUtils
LogPluginManager: Mounting plugin PlasticSourceControl
LogPluginManager: Mounting plugin PropertyAccessNode
LogPluginManager: Mounting plugin RiderSourceCodeAccess
LogPluginManager: Mounting plugin TextureFormatOodle
LogPluginManager: Mounting plugin XCodeSourceCodeAccess
LogPluginManager: Mounting plugin SubversionSourceControl
LogPluginManager: Mounting plugin VisualStudioSourceCodeAccess
LogPluginManager: Mounting plugin VisualStudioCodeSourceCodeAccess
LogPluginManager: Mounting plugin GeometryProcessing
LogPluginManager: Mounting plugin OpenImageDenoise
LogPluginManager: Mounting plugin MotoSynth
LogPluginManager: Mounting plugin LuminPlatformFeatures
LogPluginManager: Mounting plugin MagicLeap
LogPluginManager: Mounting plugin PlanarCut
LogPluginManager: Mounting plugin PlatformCrypto
LogPluginManager: Mounting plugin ProxyLODPlugin
LogPluginManager: Mounting plugin PythonScriptPlugin
LogPluginManager: Mounting plugin UObjectPlugin
LogPluginManager: Mounting plugin MagicLeapMedia
LogPluginManager: Mounting plugin MagicLeapLightEstimation
LogPluginManager: Mounting plugin MagicLeapPassableWorld
LogPluginManager: Mounting plugin SkeletalReduction
LogPluginManager: Mounting plugin AndroidMedia
LogPluginManager: Mounting plugin AvfMedia
LogPluginManager: Mounting plugin MediaCompositing
LogPluginManager: Mounting plugin ImgMedia
LogPluginManager: Mounting plugin MLSDK
LogPluginManager: Mounting plugin MediaPlayerEditor
LogPluginManager: Mounting plugin WmfMedia
LogPluginManager: Mounting plugin WebMMedia
LogPluginManager: Mounting plugin TcpMessaging
LogPluginManager: Mounting plugin UdpMessaging
LogPluginManager: Mounting plugin LevelSequenceEditor
LogPluginManager: Mounting plugin ActorSequence
LogPluginManager: Mounting plugin TemplateSequence
LogPluginManager: Mounting plugin MatineeToLevelSequence
LogPluginManager: Mounting plugin LauncherChunkInstaller
LogPluginManager: Mounting plugin OnlineSubsystem
LogPluginManager: Mounting plugin OnlineSubsystemNull
LogPluginManager: Mounting plugin OnlineSubsystemOculus
LogPluginManager: Mounting plugin OnlineSubsystemUtils
LogPluginManager: Mounting plugin ScreenshotTools
LogPluginManager: Mounting plugin Takes
LogPluginManager: Mounting plugin ActorLayerUtilities
LogPluginManager: Mounting plugin AndroidDeviceProfileSelector
LogPluginManager: Mounting plugin AndroidPermission
LogPluginManager: Mounting plugin AndroidMoviePlayer
LogPluginManager: Mounting plugin AppleImageUtils
LogPluginManager: Mounting plugin AppleMoviePlayer
LogPluginManager: Mounting plugin ArchVisCharacter
LogPluginManager: Mounting plugin AudioCapture
LogPluginManager: Mounting plugin AssetTags
LogPluginManager: Mounting plugin AudioSynesthesia
LogPluginManager: Mounting plugin CableComponent
LogPluginManager: Mounting plugin CustomMeshComponent
LogPluginManager: Mounting plugin ChunkDownloader
LogPluginManager: Mounting plugin EditableMesh
LogPluginManager: Mounting plugin ExampleDeviceProfileSelector
LogPluginManager: Mounting plugin GoogleCloudMessaging
LogPluginManager: Mounting plugin HDRIBackdrop
LogPluginManager: Mounting plugin GooglePAD
LogPluginManager: Mounting plugin IOSDeviceProfileSelector
LogPluginManager: Mounting plugin LocationServicesBPLibrary
LogPluginManager: Mounting plugin LinuxDeviceProfileSelector
LogPluginManager: Mounting plugin MobilePatchingUtils
LogPluginManager: Mounting plugin OpenXR
LogPluginManager: Mounting plugin OpenXREyeTracker
LogPluginManager: Mounting plugin OpenXRHandTracking
LogPluginManager: Mounting plugin PostSplashScreen
LogPluginManager: Mounting plugin PhysXVehicles
LogPluginManager: Mounting plugin PropertyAccessEditor
LogPluginManager: Mounting plugin ProceduralMeshComponent
LogPluginManager: Mounting plugin ResonanceAudio
LogPluginManager: Mounting plugin RuntimePhysXCooking
LogPluginManager: Mounting plugin SoundFields
LogPluginManager: Mounting plugin SignificanceManager
LogPluginManager: Mounting plugin Synthesis
LogPluginManager: Mounting plugin WebMMoviePlayer
LogPluginManager: Mounting plugin WindowsMoviePlayer
LogPluginManager: Mounting plugin ContentBrowserAssetDataSource
LogPluginManager: Mounting plugin ContentBrowserClassDataSource
LogPluginManager: Mounting plugin ContentBrowserFileDataSource
LogPluginManager: Mounting plugin OnlineSubsystemGooglePlay
LogPluginManager: Mounting plugin OnlineSubsystemIOS
LogPluginManager: Mounting plugin OculusAudio
LogPluginManager: Mounting plugin OculusVR
LogPluginManager: Mounting plugin OculusOpenXR
PixWinPlugin: PIX capture plugin failed to initialize! Check that the process is launched from PIX.
LogInit: Using libcurl 7.55.1-DEV
LogInit:  - built for x86_64-pc-win32
LogInit:  - supports SSL with OpenSSL/1.1.1
LogInit:  - supports HTTP deflate (compression) using libz 1.2.8
LogInit:  - other features:
LogInit:      CURL_VERSION_SSL
LogInit:      CURL_VERSION_LIBZ
LogInit:      CURL_VERSION_IPV6
LogInit:      CURL_VERSION_ASYNCHDNS
LogInit:      CURL_VERSION_LARGEFILE
LogInit:      CURL_VERSION_IDN
LogInit:  CurlRequestOptions (configurable via config and command line):
LogInit:  - bVerifyPeer = true  - Libcurl will verify peer certificate
LogInit:  - bUseHttpProxy = false  - Libcurl will NOT use HTTP proxy
LogInit:  - bDontReuseConnections = false  - Libcurl will reuse connections
LogInit:  - MaxHostConnections = 16  - Libcurl will limit the number of connections to a host
LogInit:  - LocalHostAddr = Default
LogInit:  - BufferSize = 65536
LogOnline: OSS: Creating online subsystem instance for: NULL
LogInit: WinSock: version 1.1 (2.2), MaxSocks=32767, MaxUdp=65467
LogOnline: OSS: TryLoadSubsystemAndSetDefault: Loaded subsystem for module [NULL]
LogAudio: Display: Oculus Audio: Middleware plugins not found, assuming native UE4 AudioMixer
LogAudio: Display: Oculus Audio: Attempting to load Oculus Spatializer DLL: ../../../Engine/Binaries/ThirdParty/Oculus/Audio/Win64/ (from ovraudio64)
LogOculusPluginWrapper: OculusPlugin initialized successfully
LogHMD: FOculusHMDModule PreInit successfully
LogInit: Build: ++UE4+Release-4.27-CL-18319896
LogInit: Engine Version: 4.27.2-18319896+++UE4+Release-4.27
LogInit: Compatible Engine Version: 4.27.0-17155196+++UE4+Release-4.27
LogInit: Net CL: 17155196
LogInit: OS: Windows 10 (Release 2009) (), CPU: Intel(R) Core(TM) i7-8750H CPU @ 2.20GHz, GPU: Intel(R) UHD Graphics 630
LogInit: Compiled (64-bit): Nov 30 2021 07:12:08
LogInit: Compiled with Visual C++: 19.24.28315.00
LogInit: Build Configuration: Development
LogInit: Branch Name: ++UE4+Release-4.27
LogInit: Command Line: 
LogInit: Base Directory: D:/Epic Games/UE_4.27/Engine/Binaries/Win64/
LogInit: Allocator: TBB
LogInit: Installed Engine Build: 1
LogDevObjectVersion: Number of dev versions registered: 29
LogDevObjectVersion:   Dev-Blueprints (B0D832E4-1F89-4F0D-ACCF-7EB736FD4AA2): 10
LogDevObjectVersion:   Dev-Build (E1C64328-A22C-4D53-A36C-8E866417BD8C): 0
LogDevObjectVersion:   Dev-Core (375EC13C-06E4-48FB-B500-84F0262A717E): 4
LogDevObjectVersion:   Dev-Editor (E4B068ED-F494-42E9-A231-DA0B2E46BB41): 40
LogDevObjectVersion:   Dev-Framework (CFFC743F-43B0-4480-9391-14DF171D2073): 37
LogDevObjectVersion:   Dev-Mobile (B02B49B5-BB20-44E9-A304-32B752E40360): 3
LogDevObjectVersion:   Dev-Networking (A4E4105C-59A1-49B5-A7C5-40C4547EDFEE): 0
LogDevObjectVersion:   Dev-Online (39C831C9-5AE6-47DC-9A44-9C173E1C8E7C): 0
LogDevObjectVersion:   Dev-Physics (78F01B33-EBEA-4F98-B9B4-84EACCB95AA2): 14
LogDevObjectVersion:   Dev-Platform (6631380F-2D4D-43E0-8009-CF276956A95A): 0
LogDevObjectVersion:   Dev-Rendering (12F88B9F-8875-4AFC-A67C-D90C383ABD29): 45
LogDevObjectVersion:   Dev-Sequencer (7B5AE74C-D270-4C10-A958-57980B212A5A): 13
LogDevObjectVersion:   Dev-VR (D7296918-1DD6-4BDD-9DE2-64A83CC13884): 3
LogDevObjectVersion:   Dev-LoadTimes (C2A15278-BFE7-4AFE-6C17-90FF531DF755): 1
LogDevObjectVersion:   Private-Geometry (6EACA3D4-40EC-4CC1-B786-8BED09428FC5): 3
LogDevObjectVersion:   Dev-AnimPhys (29E575DD-E0A3-4627-9D10-D276232CDCEA): 17
LogDevObjectVersion:   Dev-Anim (AF43A65D-7FD3-4947-9873-3E8ED9C1BB05): 15
LogDevObjectVersion:   Dev-ReflectionCapture (6B266CEC-1EC7-4B8F-A30B-E4D90942FC07): 1
LogDevObjectVersion:   Dev-Automation (0DF73D61-A23F-47EA-B727-89E90C41499A): 1
LogDevObjectVersion:   FortniteMain (601D1886-AC64-4F84-AA16-D3DE0DEAC7D6): 47
LogDevObjectVersion:   FortniteRelease (E7086368-6B23-4C58-8439-1B7016265E91): 1
LogDevObjectVersion:   Dev-Enterprise (9DFFBCD6-494F-0158-E221-12823C92A888): 10
LogDevObjectVersion:   Dev-Niagara (F2AED0AC-9AFE-416F-8664-AA7FFA26D6FC): 1
LogDevObjectVersion:   Dev-Destruction (174F1F0B-B4C6-45A5-B13F-2EE8D0FB917D): 10
LogDevObjectVersion:   Dev-Physics-Ext (35F94A83-E258-406C-A318-09F59610247C): 41
LogDevObjectVersion:   Dev-PhysicsMaterial-Chaos (B68FC16E-8B1B-42E2-B453-215C058844FE): 1
LogDevObjectVersion:   Dev-CineCamera (B2E18506-4273-CFC2-A54E-F4BB758BBA07): 1
LogDevObjectVersion:   Dev-VirtualProduction (64F58936-FD1B-42BA-BA96-7289D5D0FA4E): 1
LogDevObjectVersion:   Dev-MediaFramework (6F0ED827-A609-4895-9C91-998D90180EA4): 2
LogInit: Presizing for max 25165824 objects, including 0 objects not considered by GC, pre-allocating 0 bytes for permanent pool.
LogConfig: Applying CVar settings from Section [/Script/Engine.StreamingSettings] File [D:/Workspace/Unreal/VRSpaceshipGame/Saved/Config/Windows/Engine.ini]
LogConfig: Setting CVar [[s.MinBulkDataSizeForAsyncLoading:131072]]
LogConfig: Setting CVar [[s.AsyncLoadingThreadEnabled:0]]
LogConfig: Setting CVar [[s.EventDrivenLoaderEnabled:1]]
LogConfig: Setting CVar [[s.WarnIfTimeLimitExceeded:0]]
LogConfig: Setting CVar [[s.TimeLimitExceededMultiplier:1.5]]
LogConfig: Setting CVar [[s.TimeLimitExceededMinTime:0.005]]
LogConfig: Setting CVar [[s.UseBackgroundLevelStreaming:1]]
LogConfig: Setting CVar [[s.PriorityAsyncLoadingExtraTime:15.0]]
LogConfig: Setting CVar [[s.LevelStreamingActorsUpdateTimeLimit:5.0]]
LogConfig: Setting CVar [[s.PriorityLevelStreamingActorsUpdateExtraTime:5.0]]
LogConfig: Setting CVar [[s.LevelStreamingComponentsRegistrationGranularity:10]]
LogConfig: Setting CVar [[s.UnregisterComponentsTimeLimit:1.0]]
LogConfig: Setting CVar [[s.LevelStreamingComponentsUnregistrationGranularity:5]]
LogConfig: Setting CVar [[s.FlushStreamingOnExit:1]]
LogInit: Object subsystem initialized
LogConfig: Setting CVar [[con.DebugEarlyDefault:1]]
LogConfig: Setting CVar [[r.setres:1280x720]]
[2022.03.24-08.42.57:575][  0]LogConfig: Setting CVar [[r.VSync:0]]
[2022.03.24-08.42.57:575][  0]LogConfig: Setting CVar [[r.RHICmdBypass:0]]
[2022.03.24-08.42.57:575][  0]LogConfig: Applying CVar settings from Section [/Script/Engine.RendererSettings] File [D:/Workspace/Unreal/VRSpaceshipGame/Saved/Config/Windows/Engine.ini]
[2022.03.24-08.42.57:575][  0]LogConfig: Setting CVar [[r.GPUCrashDebugging:0]]
[2022.03.24-08.42.57:575][  0]LogConfig: Setting CVar [[r.Mobile.DisableVertexFog:1]]
[2022.03.24-08.42.57:575][  0]LogConfig: Setting CVar [[r.Shadow.CSM.MaxMobileCascades:2]]
[2022.03.24-08.42.57:575][  0]LogConfig: Setting CVar [[r.MobileMSAA:4]]
[2022.03.24-08.42.57:575][  0]LogConfig: Setting CVar [[r.Mobile.AllowDitheredLODTransition:0]]
[2022.03.24-08.42.57:575][  0]LogConfig: Setting CVar [[r.Mobile.AllowSoftwareOcclusion:0]]
[2022.03.24-08.42.57:575][  0]LogConfig: Setting CVar [[r.Mobile.VirtualTextures:0]]
[2022.03.24-08.42.57:575][  0]LogConfig: Setting CVar [[r.DiscardUnusedQuality:0]]
[2022.03.24-08.42.57:575][  0]LogConfig: Setting CVar [[r.AllowOcclusionQueries:1]]
[2022.03.24-08.42.57:575][  0]LogConfig: Setting CVar [[r.MinScreenRadiusForLights:0.030000]]
[2022.03.24-08.42.57:575][  0]LogConfig: Setting CVar [[r.MinScreenRadiusForDepthPrepass:0.030000]]
[2022.03.24-08.42.57:575][  0]LogConfig: Setting CVar [[r.MinScreenRadiusForCSMDepth:0.010000]]
[2022.03.24-08.42.57:575][  0]LogConfig: Setting CVar [[r.PrecomputedVisibilityWarning:0]]
[2022.03.24-08.42.57:575][  0]LogConfig: Setting CVar [[r.TextureStreaming:1]]
[2022.03.24-08.42.57:575][  0]LogConfig: Setting CVar [[Compat.UseDXT5NormalMaps:0]]
[2022.03.24-08.42.57:575][  0]LogConfig: Setting CVar [[r.VirtualTextures:0]]
[2022.03.24-08.42.57:575][  0]LogConfig: Setting CVar [[r.VirtualTexturedLightmaps:0]]
[2022.03.24-08.42.57:575][  0]LogConfig: Setting CVar [[r.VT.TileSize:128]]
[2022.03.24-08.42.57:575][  0]LogConfig: Setting CVar [[r.VT.TileBorderSize:4]]
[2022.03.24-08.42.57:575][  0]LogConfig: Setting CVar [[r.vt.FeedbackFactor:16]]
[2022.03.24-08.42.57:575][  0]LogConfig: Setting CVar [[r.VT.EnableCompressZlib:1]]
[2022.03.24-08.42.57:575][  0]LogConfig: Setting CVar [[r.VT.EnableCompressCrunch:0]]
[2022.03.24-08.42.57:575][  0]LogConfig: Setting CVar [[r.ClearCoatNormal:0]]
[2022.03.24-08.42.57:575][  0]LogConfig: Setting CVar [[r.ReflectionCaptureResolution:128]]
[2022.03.24-08.42.57:575][  0]LogConfig: Setting CVar [[r.Mobile.ReflectionCaptureCompression:0]]
[2022.03.24-08.42.57:575][  0]LogConfig: Setting CVar [[r.ReflectionEnvironmentLightmapMixBasedOnRoughness:1]]
[2022.03.24-08.42.57:575][  0]LogConfig: Setting CVar [[r.ForwardShading:1]]
[2022.03.24-08.42.57:575][  0]LogConfig: Setting CVar [[r.VertexFoggingForOpaque:1]]
[2022.03.24-08.42.57:575][  0]LogConfig: Setting CVar [[r.AllowStaticLighting:1]]
[2022.03.24-08.42.57:575][  0]LogConfig: Setting CVar [[r.NormalMapsForStaticLighting:0]]
[2022.03.24-08.42.57:575][  0]LogConfig: Setting CVar [[r.GenerateMeshDistanceFields:0]]
[2022.03.24-08.42.57:575][  0]LogConfig: Setting CVar [[r.DistanceFieldBuild.EightBit:0]]
[2022.03.24-08.42.57:575][  0]LogConfig: Setting CVar [[r.GenerateLandscapeGIData:0]]
[2022.03.24-08.42.57:575][  0]LogConfig: Setting CVar [[r.DistanceFieldBuild.Compress:0]]
[2022.03.24-08.42.57:576][  0]LogConfig: Setting CVar [[r.TessellationAdaptivePixelsPerTriangle:48.000000]]
[2022.03.24-08.42.57:576][  0]LogConfig: Setting CVar [[r.SeparateTranslucency:0]]
[2022.03.24-08.42.57:576][  0]LogConfig: Setting CVar [[r.TranslucentSortPolicy:0]]
[2022.03.24-08.42.57:576][  0]LogConfig: Setting CVar [[r.CustomDepth:1]]
[2022.03.24-08.42.57:576][  0]LogConfig: Setting CVar [[r.CustomDepthTemporalAAJitter:1]]
[2022.03.24-08.42.57:576][  0]LogConfig: Setting CVar [[r.PostProcessing.PropagateAlpha:0]]
[2022.03.24-08.42.57:576][  0]LogConfig: Setting CVar [[r.DefaultFeature.Bloom:0]]
[2022.03.24-08.42.57:576][  0]LogConfig: Setting CVar [[r.DefaultFeature.AmbientOcclusion:0]]
[2022.03.24-08.42.57:576][  0]LogConfig: Setting CVar [[r.DefaultFeature.AmbientOcclusionStaticFraction:1]]
[2022.03.24-08.42.57:576][  0]LogConfig: Setting CVar [[r.DefaultFeature.AutoExposure:0]]
[2022.03.24-08.42.57:576][  0]LogConfig: Setting CVar [[r.DefaultFeature.AutoExposure.Method:0]]
[2022.03.24-08.42.57:576][  0]LogConfig: Setting CVar [[r.DefaultFeature.AutoExposure.Bias:1.000000]]
[2022.03.24-08.42.57:576][  0]LogConfig: Setting CVar [[r.DefaultFeature.AutoExposure.ExtendDefaultLuminanceRange:1]]
[2022.03.24-08.42.57:576][  0]LogConfig: Setting CVar [[r.UsePreExposure:1]]
[2022.03.24-08.42.57:576][  0]LogConfig: Setting CVar [[r.EyeAdaptation.EditorOnly:0]]
[2022.03.24-08.42.57:576][  0]LogConfig: Setting CVar [[r.DefaultFeature.MotionBlur:0]]
[2022.03.24-08.42.57:576][  0]LogConfig: Setting CVar [[r.DefaultFeature.LensFlare:0]]
[2022.03.24-08.42.57:576][  0]LogConfig: Setting CVar [[r.TemporalAA.Upsampling:0]]
[2022.03.24-08.42.57:576][  0]LogConfig: Setting CVar [[r.SSGI.Enable:0]]
[2022.03.24-08.42.57:576][  0]LogConfig: Setting CVar [[r.DefaultFeature.AntiAliasing:3]]
[2022.03.24-08.42.57:576][  0]LogConfig: Setting CVar [[r.DefaultFeature.LightUnits:1]]
[2022.03.24-08.42.57:576][  0]LogConfig: Setting CVar [[r.DefaultBackBufferPixelFormat:4]]
[2022.03.24-08.42.57:576][  0]LogConfig: Setting CVar [[r.Shadow.UnbuiltPreviewInGame:1]]
[2022.03.24-08.42.57:576][  0]LogConfig: Setting CVar [[r.StencilForLODDither:0]]
[2022.03.24-08.42.57:576][  0]LogConfig: Setting CVar [[r.EarlyZPass:3]]
[2022.03.24-08.42.57:576][  0]LogConfig: Setting CVar [[r.EarlyZPassOnlyMaterialMasking:0]]
[2022.03.24-08.42.57:576][  0]LogConfig: Setting CVar [[r.DBuffer:1]]
[2022.03.24-08.42.57:576][  0]LogConfig: Setting CVar [[r.ClearSceneMethod:1]]
[2022.03.24-08.42.57:576][  0]LogConfig: Setting CVar [[r.BasePassOutputsVelocity:0]]
[2022.03.24-08.42.57:576][  0]LogConfig: Setting CVar [[r.VertexDeformationOutputsVelocity:0]]
[2022.03.24-08.42.57:576][  0]LogConfig: Setting CVar [[r.SelectiveBasePassOutputs:0]]
[2022.03.24-08.42.57:576][  0]LogConfig: Setting CVar [[fx.GPUSimulationTextureSizeX:1024]]
[2022.03.24-08.42.57:576][  0]LogConfig: Setting CVar [[fx.GPUSimulationTextureSizeY:1024]]
[2022.03.24-08.42.57:576][  0]LogConfig: Setting CVar [[r.AllowGlobalClipPlane:0]]
[2022.03.24-08.42.57:576][  0]LogConfig: Setting CVar [[r.GBufferFormat:1]]
[2022.03.24-08.42.57:576][  0]LogConfig: Setting CVar [[r.MorphTarget.Mode:1]]
[2022.03.24-08.42.57:576][  0]LogConfig: Setting CVar [[vr.InstancedStereo:1]]
[2022.03.24-08.42.57:576][  0]LogConfig: Setting CVar [[r.MobileHDR:0]]
[2022.03.24-08.42.57:576][  0]LogConfig: Setting CVar [[vr.MobileMultiView:1]]
[2022.03.24-08.42.57:576][  0]LogConfig: Setting CVar [[r.Mobile.UseHWsRGBEncoding:1]]
[2022.03.24-08.42.57:576][  0]LogConfig: Setting CVar [[vr.RoundRobinOcclusion:0]]
[2022.03.24-08.42.57:576][  0]LogConfig: Setting CVar [[vr.ODSCapture:0]]
[2022.03.24-08.42.57:576][  0]LogConfig: Setting CVar [[r.MeshStreaming:0]]
[2022.03.24-08.42.57:576][  0]LogConfig: Setting CVar [[r.WireframeCullThreshold:5.000000]]
[2022.03.24-08.42.57:576][  0]LogConfig: Setting CVar [[r.RayTracing:0]]
[2022.03.24-08.42.57:576][  0]LogConfig: Setting CVar [[r.RayTracing.UseTextureLod:0]]
[2022.03.24-08.42.57:576][  0]LogConfig: Setting CVar [[r.SupportStationarySkylight:1]]
[2022.03.24-08.42.57:576][  0]LogConfig: Setting CVar [[r.SupportLowQualityLightmaps:1]]
[2022.03.24-08.42.57:576][  0]LogConfig: Setting CVar [[r.SupportPointLightWholeSceneShadows:1]]
[2022.03.24-08.42.57:576][  0]LogConfig: Setting CVar [[r.SupportAtmosphericFog:1]]
[2022.03.24-08.42.57:576][  0]LogConfig: Setting CVar [[r.SupportSkyAtmosphere:1]]
[2022.03.24-08.42.57:576][  0]LogConfig: Setting CVar [[r.SupportSkyAtmosphereAffectsHeightFog:0]]
[2022.03.24-08.42.57:576][  0]LogConfig: Setting CVar [[r.SkinCache.CompileShaders:0]]
[2022.03.24-08.42.57:576][  0]LogConfig: Setting CVar [[r.SkinCache.DefaultBehavior:1]]
[2022.03.24-08.42.57:576][  0]LogConfig: Setting CVar [[r.SkinCache.SceneMemoryLimitInMB:128.000000]]
[2022.03.24-08.42.57:576][  0]LogConfig: Setting CVar [[r.Mobile.EnableStaticAndCSMShadowReceivers:1]]
[2022.03.24-08.42.57:576][  0]LogConfig: Setting CVar [[r.Mobile.EnableMovableLightCSMShaderCulling:1]]
[2022.03.24-08.42.57:576][  0]LogConfig: Setting CVar [[r.Mobile.AllowDistanceFieldShadows:1]]
[2022.03.24-08.42.57:576][  0]LogConfig: Setting CVar [[r.Mobile.AllowMovableDirectionalLights:1]]
[2022.03.24-08.42.57:576][  0]LogConfig: Setting CVar [[r.MobileNumDynamicPointLights:4]]
[2022.03.24-08.42.57:576][  0]LogConfig: Setting CVar [[r.MobileDynamicPointLightsUseStaticBranch:1]]
[2022.03.24-08.42.57:576][  0]LogConfig: Setting CVar [[r.Mobile.EnableMovableSpotlights:0]]
[2022.03.24-08.42.57:576][  0]LogConfig: Setting CVar [[r.Mobile.EnableMovableSpotlightsShadow:0]]
[2022.03.24-08.42.57:576][  0]LogConfig: Setting CVar [[r.GPUSkin.Support16BitBoneIndex:0]]
[2022.03.24-08.42.57:576][  0]LogConfig: Setting CVar [[r.GPUSkin.Limit2BoneInfluences:0]]
[2022.03.24-08.42.57:576][  0]LogConfig: Setting CVar [[r.SupportDepthOnlyIndexBuffers:1]]
[2022.03.24-08.42.57:576][  0]LogConfig: Setting CVar [[r.SupportReversedIndexBuffers:1]]
[2022.03.24-08.42.57:576][  0]LogConfig: Setting CVar [[r.LightPropagationVolume:0]]
[2022.03.24-08.42.57:576][  0]LogConfig: Setting CVar [[r.Mobile.AmbientOcclusion:0]]
[2022.03.24-08.42.57:576][  0]LogConfig: Setting CVar [[r.GPUSkin.UnlimitedBoneInfluences:0]]
[2022.03.24-08.42.57:576][  0]LogConfig: Setting CVar [[r.GPUSkin.UnlimitedBoneInfluencesThreshold:8]]
[2022.03.24-08.42.57:576][  0]LogConfig: Setting CVar [[r.Mobile.PlanarReflectionMode:0]]
[2022.03.24-08.42.57:576][  0]LogConfig: Setting CVar [[r.Mobile.SupportGPUScene:1]]
[2022.03.24-08.42.57:576][  0]LogConfig: Applying CVar settings from Section [/Script/Engine.RendererOverrideSettings] File [D:/Workspace/Unreal/VRSpaceshipGame/Saved/Config/Windows/Engine.ini]
[2022.03.24-08.42.57:576][  0]LogConfig: Applying CVar settings from Section [/Script/Engine.StreamingSettings] File [D:/Workspace/Unreal/VRSpaceshipGame/Saved/Config/Windows/Engine.ini]
[2022.03.24-08.42.57:576][  0]LogConfig: Setting CVar [[s.MinBulkDataSizeForAsyncLoading:131072]]
[2022.03.24-08.42.57:576][  0]LogConfig: Setting CVar [[s.AsyncLoadingThreadEnabled:0]]
[2022.03.24-08.42.57:576][  0]LogConfig: Setting CVar [[s.EventDrivenLoaderEnabled:1]]
[2022.03.24-08.42.57:576][  0]LogConfig: Setting CVar [[s.WarnIfTimeLimitExceeded:0]]
[2022.03.24-08.42.57:576][  0]LogConfig: Setting CVar [[s.TimeLimitExceededMultiplier:1.5]]
[2022.03.24-08.42.57:576][  0]LogConfig: Setting CVar [[s.TimeLimitExceededMinTime:0.005]]
[2022.03.24-08.42.57:576][  0]LogConfig: Setting CVar [[s.UseBackgroundLevelStreaming:1]]
[2022.03.24-08.42.57:576][  0]LogConfig: Setting CVar [[s.PriorityAsyncLoadingExtraTime:15.0]]
[2022.03.24-08.42.57:577][  0]LogConfig: Setting CVar [[s.LevelStreamingActorsUpdateTimeLimit:5.0]]
[2022.03.24-08.42.57:577][  0]LogConfig: Setting CVar [[s.PriorityLevelStreamingActorsUpdateExtraTime:5.0]]
[2022.03.24-08.42.57:577][  0]LogConfig: Setting CVar [[s.LevelStreamingComponentsRegistrationGranularity:10]]
[2022.03.24-08.42.57:577][  0]LogConfig: Setting CVar [[s.UnregisterComponentsTimeLimit:1.0]]
[2022.03.24-08.42.57:577][  0]LogConfig: Setting CVar [[s.LevelStreamingComponentsUnregistrationGranularity:5]]
[2022.03.24-08.42.57:577][  0]LogConfig: Setting CVar [[s.FlushStreamingOnExit:1]]
[2022.03.24-08.42.57:577][  0]LogConfig: Applying CVar settings from Section [/Script/Engine.GarbageCollectionSettings] File [D:/Workspace/Unreal/VRSpaceshipGame/Saved/Config/Windows/Engine.ini]
[2022.03.24-08.42.57:577][  0]LogConfig: Setting CVar [[gc.MaxObjectsNotConsideredByGC:1]]
[2022.03.24-08.42.57:577][  0]LogConfig: Setting CVar [[gc.SizeOfPermanentObjectPool:0]]
[2022.03.24-08.42.57:577][  0]LogConfig: Setting CVar [[gc.FlushStreamingOnGC:0]]
[2022.03.24-08.42.57:577][  0]LogConfig: Setting CVar [[gc.NumRetriesBeforeForcingGC:10]]
[2022.03.24-08.42.57:577][  0]LogConfig: Setting CVar [[gc.AllowParallelGC:1]]
[2022.03.24-08.42.57:577][  0]LogConfig: Setting CVar [[gc.TimeBetweenPurgingPendingKillObjects:61.1]]
[2022.03.24-08.42.57:577][  0]LogConfig: Setting CVar [[gc.MaxObjectsInEditor:25165824]]
[2022.03.24-08.42.57:577][  0]LogConfig: Setting CVar [[gc.IncrementalBeginDestroyEnabled:1]]
[2022.03.24-08.42.57:577][  0]LogConfig: Setting CVar [[gc.CreateGCClusters:1]]
[2022.03.24-08.42.57:577][  0]LogConfig: Setting CVar [[gc.MinGCClusterSize:5]]
[2022.03.24-08.42.57:577][  0]LogConfig: Setting CVar [[gc.ActorClusteringEnabled:0]]
[2022.03.24-08.42.57:577][  0]LogConfig: Setting CVar [[gc.BlueprintClusteringEnabled:0]]
[2022.03.24-08.42.57:577][  0]LogConfig: Setting CVar [[gc.UseDisregardForGCOnDedicatedServers:0]]
[2022.03.24-08.42.57:577][  0]LogConfig: Setting CVar [[gc.MultithreadedDestructionEnabled:1]]
[2022.03.24-08.42.57:577][  0]LogConfig: Applying CVar settings from Section [/Script/Engine.NetworkSettings] File [D:/Workspace/Unreal/VRSpaceshipGame/Saved/Config/Windows/Engine.ini]
[2022.03.24-08.42.57:577][  0]LogConfig: Applying CVar settings from Section [/Script/UnrealEd.CookerSettings] File [D:/Workspace/Unreal/VRSpaceshipGame/Saved/Config/Windows/Engine.ini]
[2022.03.24-08.42.57:584][  0]LogConfig: Applying CVar settings from Section [ViewDistanceQuality@3] File [D:/Workspace/Unreal/VRSpaceshipGame/Saved/Config/Windows/Scalability.ini]
[2022.03.24-08.42.57:584][  0]LogConfig: Setting CVar [[r.SkeletalMeshLODBias:0]]
[2022.03.24-08.42.57:584][  0]LogConfig: Setting CVar [[r.ViewDistanceScale:1.0]]
[2022.03.24-08.42.57:584][  0]LogConfig: Applying CVar settings from Section [AntiAliasingQuality@3] File [D:/Workspace/Unreal/VRSpaceshipGame/Saved/Config/Windows/Scalability.ini]
[2022.03.24-08.42.57:584][  0]LogConfig: Setting CVar [[r.PostProcessAAQuality:4]]
[2022.03.24-08.42.57:584][  0]LogConfig: Applying CVar settings from Section [ShadowQuality@3] File [D:/Workspace/Unreal/VRSpaceshipGame/Saved/Config/Windows/Scalability.ini]
[2022.03.24-08.42.57:584][  0]LogConfig: Setting CVar [[r.LightFunctionQuality:1]]
[2022.03.24-08.42.57:584][  0]LogConfig: Setting CVar [[r.ShadowQuality:5]]
[2022.03.24-08.42.57:584][  0]LogConfig: Setting CVar [[r.Shadow.CSM.MaxCascades:10]]
[2022.03.24-08.42.57:584][  0]LogConfig: Setting CVar [[r.Shadow.MaxResolution:2048]]
[2022.03.24-08.42.57:584][  0]LogConfig: Setting CVar [[r.Shadow.MaxCSMResolution:2048]]
[2022.03.24-08.42.57:584][  0]LogConfig: Setting CVar [[r.Shadow.RadiusThreshold:0.01]]
[2022.03.24-08.42.57:584][  0]LogConfig: Setting CVar [[r.Shadow.DistanceScale:1.0]]
[2022.03.24-08.42.57:584][  0]LogConfig: Setting CVar [[r.Shadow.CSM.TransitionScale:1.0]]
[2022.03.24-08.42.57:584][  0]LogConfig: Setting CVar [[r.Shadow.PreShadowResolutionFactor:1.0]]
[2022.03.24-08.42.57:584][  0]LogConfig: Setting CVar [[r.DistanceFieldShadowing:1]]
[2022.03.24-08.42.57:584][  0]LogConfig: Setting CVar [[r.DistanceFieldAO:1]]
[2022.03.24-08.42.57:584][  0]LogConfig: Setting CVar [[r.AOQuality:2]]
[2022.03.24-08.42.57:584][  0]LogConfig: Setting CVar [[r.VolumetricFog:1]]
[2022.03.24-08.42.57:584][  0]LogConfig: Setting CVar [[r.VolumetricFog.GridPixelSize:8]]
[2022.03.24-08.42.57:584][  0]LogConfig: Setting CVar [[r.VolumetricFog.GridSizeZ:128]]
[2022.03.24-08.42.57:584][  0]LogConfig: Setting CVar [[r.VolumetricFog.HistoryMissSupersampleCount:4]]
[2022.03.24-08.42.57:584][  0]LogConfig: Setting CVar [[r.LightMaxDrawDistanceScale:1]]
[2022.03.24-08.42.57:584][  0]LogConfig: Setting CVar [[r.CapsuleShadows:1]]
[2022.03.24-08.42.57:584][  0]LogConfig: Applying CVar settings from Section [PostProcessQuality@3] File [D:/Workspace/Unreal/VRSpaceshipGame/Saved/Config/Windows/Scalability.ini]
[2022.03.24-08.42.57:584][  0]LogConfig: Setting CVar [[r.MotionBlurQuality:4]]
[2022.03.24-08.42.57:584][  0]LogConfig: Setting CVar [[r.AmbientOcclusionMipLevelFactor:0.4]]
[2022.03.24-08.42.57:584][  0]LogConfig: Setting CVar [[r.AmbientOcclusionMaxQuality:100]]
[2022.03.24-08.42.57:584][  0]LogConfig: Setting CVar [[r.AmbientOcclusionLevels:-1]]
[2022.03.24-08.42.57:584][  0]LogConfig: Setting CVar [[r.AmbientOcclusionRadiusScale:1.0]]
[2022.03.24-08.42.57:584][  0]LogConfig: Setting CVar [[r.DepthOfFieldQuality:2]]
[2022.03.24-08.42.57:584][  0]LogConfig: Setting CVar [[r.RenderTargetPoolMin:400]]
[2022.03.24-08.42.57:584][  0]LogConfig: Setting CVar [[r.LensFlareQuality:2]]
[2022.03.24-08.42.57:584][  0]LogConfig: Setting CVar [[r.SceneColorFringeQuality:1]]
[2022.03.24-08.42.57:584][  0]LogConfig: Setting CVar [[r.EyeAdaptationQuality:2]]
[2022.03.24-08.42.57:584][  0]LogConfig: Setting CVar [[r.BloomQuality:5]]
[2022.03.24-08.42.57:584][  0]LogConfig: Setting CVar [[r.FastBlurThreshold:100]]
[2022.03.24-08.42.57:584][  0]LogConfig: Setting CVar [[r.Upscale.Quality:3]]
[2022.03.24-08.42.57:584][  0]LogConfig: Setting CVar [[r.Tonemapper.GrainQuantization:1]]
[2022.03.24-08.42.57:584][  0]LogConfig: Setting CVar [[r.LightShaftQuality:1]]
[2022.03.24-08.42.57:584][  0]LogConfig: Setting CVar [[r.Filter.SizeScale:1]]
[2022.03.24-08.42.57:584][  0]LogConfig: Setting CVar [[r.Tonemapper.Quality:5]]
[2022.03.24-08.42.57:584][  0]LogConfig: Setting CVar [[r.DOF.Gather.AccumulatorQuality:1        ; higher gathering accumulator quality]]
[2022.03.24-08.42.57:584][  0]LogConfig: Setting CVar [[r.DOF.Gather.PostfilterMethod:1          ; Median3x3 postfilering method]]
[2022.03.24-08.42.57:584][  0]LogConfig: Setting CVar [[r.DOF.Gather.EnableBokehSettings:0       ; no bokeh simulation when gathering]]
[2022.03.24-08.42.57:584][  0]LogConfig: Setting CVar [[r.DOF.Gather.RingCount:4                 ; medium number of samples when gathering]]
[2022.03.24-08.42.57:584][  0]LogConfig: Setting CVar [[r.DOF.Scatter.ForegroundCompositing:1    ; additive foreground scattering]]
[2022.03.24-08.42.57:584][  0]LogConfig: Setting CVar [[r.DOF.Scatter.BackgroundCompositing:2    ; additive background scattering]]
[2022.03.24-08.42.57:584][  0]LogConfig: Setting CVar [[r.DOF.Scatter.EnableBokehSettings:1      ; bokeh simulation when scattering]]
[2022.03.24-08.42.57:584][  0]LogConfig: Setting CVar [[r.DOF.Scatter.MaxSpriteRatio:0.1         ; only a maximum of 10% of scattered bokeh]]
[2022.03.24-08.42.57:584][  0]LogConfig: Setting CVar [[r.DOF.Recombine.Quality:1                ; cheap slight out of focus]]
[2022.03.24-08.42.57:584][  0]LogConfig: Setting CVar [[r.DOF.Recombine.EnableBokehSettings:0    ; no bokeh simulation on slight out of focus]]
[2022.03.24-08.42.57:584][  0]LogConfig: Setting CVar [[r.DOF.TemporalAAQuality:1                ; more stable temporal accumulation]]
[2022.03.24-08.42.57:584][  0]LogConfig: Setting CVar [[r.DOF.Kernel.MaxForegroundRadius:0.025]]
[2022.03.24-08.42.57:584][  0]LogConfig: Setting CVar [[r.DOF.Kernel.MaxBackgroundRadius:0.025]]
[2022.03.24-08.42.57:584][  0]LogConfig: Applying CVar settings from Section [TextureQuality@3] File [D:/Workspace/Unreal/VRSpaceshipGame/Saved/Config/Windows/Scalability.ini]
[2022.03.24-08.42.57:584][  0]LogConfig: Setting CVar [[r.Streaming.MipBias:0]]
[2022.03.24-08.42.57:584][  0]LogConfig: Setting CVar [[r.Streaming.AmortizeCPUToGPUCopy:0]]
[2022.03.24-08.42.57:584][  0]LogConfig: Setting CVar [[r.Streaming.MaxNumTexturesToStreamPerFrame:0]]
[2022.03.24-08.42.57:584][  0]LogConfig: Setting CVar [[r.Streaming.Boost:1]]
[2022.03.24-08.42.57:584][  0]LogConfig: Setting CVar [[r.MaxAnisotropy:8]]
[2022.03.24-08.42.57:584][  0]LogConfig: Setting CVar [[r.VT.MaxAnisotropy:8]]
[2022.03.24-08.42.57:584][  0]LogConfig: Setting CVar [[r.Streaming.LimitPoolSizeToVRAM:0]]
[2022.03.24-08.42.57:584][  0]LogConfig: Setting CVar [[r.Streaming.PoolSize:1000]]
[2022.03.24-08.42.57:584][  0]LogConfig: Setting CVar [[r.Streaming.MaxEffectiveScreenSize:0]]
[2022.03.24-08.42.57:584][  0]LogConfig: Applying CVar settings from Section [EffectsQuality@3] File [D:/Workspace/Unreal/VRSpaceshipGame/Saved/Config/Windows/Scalability.ini]
[2022.03.24-08.42.57:584][  0]LogConfig: Setting CVar [[r.TranslucencyLightingVolumeDim:64]]
[2022.03.24-08.42.57:584][  0]LogConfig: Setting CVar [[r.RefractionQuality:2]]
[2022.03.24-08.42.57:584][  0]LogConfig: Setting CVar [[r.SSR.Quality:3]]
[2022.03.24-08.42.57:584][  0]LogConfig: Setting CVar [[r.SSR.HalfResSceneColor:0]]
[2022.03.24-08.42.57:584][  0]LogConfig: Setting CVar [[r.SceneColorFormat:4]]
[2022.03.24-08.42.57:584][  0]LogConfig: Setting CVar [[r.DetailMode:2]]
[2022.03.24-08.42.57:584][  0]LogConfig: Setting CVar [[r.TranslucencyVolumeBlur:1]]
[2022.03.24-08.42.57:584][  0]LogConfig: Setting CVar [[r.MaterialQualityLevel:1 ; High quality]]
[2022.03.24-08.42.57:584][  0]LogConfig: Setting CVar [[r.AnisotropicMaterials:1]]
[2022.03.24-08.42.57:584][  0]LogConfig: Setting CVar [[r.SSS.Scale:1]]
[2022.03.24-08.42.57:584][  0]LogConfig: Setting CVar [[r.SSS.SampleSet:2]]
[2022.03.24-08.42.57:584][  0]LogConfig: Setting CVar [[r.SSS.Quality:1]]
[2022.03.24-08.42.57:584][  0]LogConfig: Setting CVar [[r.SSS.HalfRes:0]]
[2022.03.24-08.42.57:584][  0]LogConfig: Setting CVar [[r.SSGI.Quality:3]]
[2022.03.24-08.42.57:584][  0]LogConfig: Setting CVar [[r.EmitterSpawnRateScale:1.0]]
[2022.03.24-08.42.57:584][  0]LogConfig: Setting CVar [[r.ParticleLightQuality:2]]
[2022.03.24-08.42.57:584][  0]LogConfig: Setting CVar [[r.SkyAtmosphere.AerialPerspectiveLUT.FastApplyOnOpaque:1 ; Always have FastSkyLUT 1 in this case to avoid wrong sky]]
[2022.03.24-08.42.57:584][  0]LogConfig: Setting CVar [[r.SkyAtmosphere.AerialPerspectiveLUT.SampleCountMaxPerSlice:4]]
[2022.03.24-08.42.57:584][  0]LogConfig: Setting CVar [[r.SkyAtmosphere.AerialPerspectiveLUT.DepthResolution:16.0]]
[2022.03.24-08.42.57:584][  0]LogConfig: Setting CVar [[r.SkyAtmosphere.FastSkyLUT:1]]
[2022.03.24-08.42.57:584][  0]LogConfig: Setting CVar [[r.SkyAtmosphere.FastSkyLUT.SampleCountMin:4.0]]
[2022.03.24-08.42.57:584][  0]LogConfig: Setting CVar [[r.SkyAtmosphere.FastSkyLUT.SampleCountMax:128.0]]
[2022.03.24-08.42.57:586][  0]LogConfig: Setting CVar [[r.SkyAtmosphere.SampleCountMin:4.0]]
[2022.03.24-08.42.57:586][  0]LogConfig: Setting CVar [[r.SkyAtmosphere.SampleCountMax:128.0]]
[2022.03.24-08.42.57:586][  0]LogConfig: Setting CVar [[r.SkyAtmosphere.TransmittanceLUT.UseSmallFormat:0]]
[2022.03.24-08.42.57:586][  0]LogConfig: Setting CVar [[r.SkyAtmosphere.TransmittanceLUT.SampleCount:10.0]]
[2022.03.24-08.42.57:586][  0]LogConfig: Setting CVar [[r.SkyAtmosphere.MultiScatteringLUT.SampleCount:15.0]]
[2022.03.24-08.42.57:586][  0]LogConfig: Setting CVar [[r.SkyLight.RealTimeReflectionCapture:1]]
[2022.03.24-08.42.57:586][  0]LogConfig: Applying CVar settings from Section [FoliageQuality@3] File [D:/Workspace/Unreal/VRSpaceshipGame/Saved/Config/Windows/Scalability.ini]
[2022.03.24-08.42.57:586][  0]LogConfig: Setting CVar [[foliage.DensityScale:1.0]]
[2022.03.24-08.42.57:586][  0]LogConfig: Setting CVar [[grass.DensityScale:1.0]]
[2022.03.24-08.42.57:586][  0]LogConfig: Applying CVar settings from Section [ShadingQuality@3] File [D:/Workspace/Unreal/VRSpaceshipGame/Saved/Config/Windows/Scalability.ini]
[2022.03.24-08.42.57:586][  0]LogConfig: Setting CVar [[r.HairStrands.SkyLighting.IntegrationType:2]]
[2022.03.24-08.42.57:586][  0]LogConfig: Setting CVar [[r.HairStrands.SkyAO.SampleCount:4]]
[2022.03.24-08.42.57:586][  0]LogConfig: Setting CVar [[r.HairStrands.Visibility.MSAA.SamplePerPixel:4]]
[2022.03.24-08.42.57:586][  0]LogInit: Selected Device Profile: [Windows]
[2022.03.24-08.42.57:586][  0]LogInit: Applying CVar settings loaded from the selected device profile: [Windows]
[2022.03.24-08.42.57:586][  0]LogHAL: Display: Platform has ~ 16 GB [17023614976 / 17179869184 / 16], which maps to Larger [LargestMinGB=32, LargerMinGB=12, DefaultMinGB=8, SmallerMinGB=6, SmallestMinGB=0)
[2022.03.24-08.42.57:586][  0]LogInit: Going up to parent DeviceProfile []
[2022.03.24-08.42.57:586][  0]LogConfig: Applying CVar settings from Section [ViewDistanceQuality@3] File [D:/Workspace/Unreal/VRSpaceshipGame/Saved/Config/Windows/Scalability.ini]
[2022.03.24-08.42.57:586][  0]LogConfig: Setting CVar [[r.SkeletalMeshLODBias:0]]
[2022.03.24-08.42.57:586][  0]LogConfig: Setting CVar [[r.ViewDistanceScale:1.0]]
[2022.03.24-08.42.57:586][  0]LogConfig: Applying CVar settings from Section [AntiAliasingQuality@3] File [D:/Workspace/Unreal/VRSpaceshipGame/Saved/Config/Windows/Scalability.ini]
[2022.03.24-08.42.57:586][  0]LogConfig: Setting CVar [[r.PostProcessAAQuality:4]]
[2022.03.24-08.42.57:586][  0]LogConfig: Applying CVar settings from Section [ShadowQuality@3] File [D:/Workspace/Unreal/VRSpaceshipGame/Saved/Config/Windows/Scalability.ini]
[2022.03.24-08.42.57:586][  0]LogConfig: Setting CVar [[r.LightFunctionQuality:1]]
[2022.03.24-08.42.57:586][  0]LogConfig: Setting CVar [[r.ShadowQuality:5]]
[2022.03.24-08.42.57:586][  0]LogConfig: Setting CVar [[r.Shadow.CSM.MaxCascades:10]]
[2022.03.24-08.42.57:586][  0]LogConfig: Setting CVar [[r.Shadow.MaxResolution:2048]]
[2022.03.24-08.42.57:586][  0]LogConfig: Setting CVar [[r.Shadow.MaxCSMResolution:2048]]
[2022.03.24-08.42.57:586][  0]LogConfig: Setting CVar [[r.Shadow.RadiusThreshold:0.01]]
[2022.03.24-08.42.57:586][  0]LogConfig: Setting CVar [[r.Shadow.DistanceScale:1.0]]
[2022.03.24-08.42.57:586][  0]LogConfig: Setting CVar [[r.Shadow.CSM.TransitionScale:1.0]]
[2022.03.24-08.42.57:586][  0]LogConfig: Setting CVar [[r.Shadow.PreShadowResolutionFactor:1.0]]
[2022.03.24-08.42.57:586][  0]LogConfig: Setting CVar [[r.DistanceFieldShadowing:1]]
[2022.03.24-08.42.57:586][  0]LogConfig: Setting CVar [[r.DistanceFieldAO:1]]
[2022.03.24-08.42.57:586][  0]LogConfig: Setting CVar [[r.AOQuality:2]]
[2022.03.24-08.42.57:586][  0]LogConfig: Setting CVar [[r.VolumetricFog:1]]
[2022.03.24-08.42.57:586][  0]LogConfig: Setting CVar [[r.VolumetricFog.GridPixelSize:8]]
[2022.03.24-08.42.57:586][  0]LogConfig: Setting CVar [[r.VolumetricFog.GridSizeZ:128]]
[2022.03.24-08.42.57:586][  0]LogConfig: Setting CVar [[r.VolumetricFog.HistoryMissSupersampleCount:4]]
[2022.03.24-08.42.57:586][  0]LogConfig: Setting CVar [[r.LightMaxDrawDistanceScale:1]]
[2022.03.24-08.42.57:586][  0]LogConfig: Setting CVar [[r.CapsuleShadows:1]]
[2022.03.24-08.42.57:586][  0]LogConfig: Applying CVar settings from Section [PostProcessQuality@3] File [D:/Workspace/Unreal/VRSpaceshipGame/Saved/Config/Windows/Scalability.ini]
[2022.03.24-08.42.57:586][  0]LogConfig: Setting CVar [[r.MotionBlurQuality:4]]
[2022.03.24-08.42.57:586][  0]LogConfig: Setting CVar [[r.AmbientOcclusionMipLevelFactor:0.4]]
[2022.03.24-08.42.57:586][  0]LogConfig: Setting CVar [[r.AmbientOcclusionMaxQuality:100]]
[2022.03.24-08.42.57:586][  0]LogConfig: Setting CVar [[r.AmbientOcclusionLevels:-1]]
[2022.03.24-08.42.57:586][  0]LogConfig: Setting CVar [[r.AmbientOcclusionRadiusScale:1.0]]
[2022.03.24-08.42.57:586][  0]LogConfig: Setting CVar [[r.DepthOfFieldQuality:2]]
[2022.03.24-08.42.57:586][  0]LogConfig: Setting CVar [[r.RenderTargetPoolMin:400]]
[2022.03.24-08.42.57:586][  0]LogConfig: Setting CVar [[r.LensFlareQuality:2]]
[2022.03.24-08.42.57:586][  0]LogConfig: Setting CVar [[r.SceneColorFringeQuality:1]]
[2022.03.24-08.42.57:586][  0]LogConfig: Setting CVar [[r.EyeAdaptationQuality:2]]
[2022.03.24-08.42.57:586][  0]LogConfig: Setting CVar [[r.BloomQuality:5]]
[2022.03.24-08.42.57:586][  0]LogConfig: Setting CVar [[r.FastBlurThreshold:100]]
[2022.03.24-08.42.57:586][  0]LogConfig: Setting CVar [[r.Upscale.Quality:3]]
[2022.03.24-08.42.57:586][  0]LogConfig: Setting CVar [[r.Tonemapper.GrainQuantization:1]]
[2022.03.24-08.42.57:586][  0]LogConfig: Setting CVar [[r.LightShaftQuality:1]]
[2022.03.24-08.42.57:586][  0]LogConfig: Setting CVar [[r.Filter.SizeScale:1]]
[2022.03.24-08.42.57:586][  0]LogConfig: Setting CVar [[r.Tonemapper.Quality:5]]
[2022.03.24-08.42.57:586][  0]LogConfig: Setting CVar [[r.DOF.Gather.AccumulatorQuality:1        ; higher gathering accumulator quality]]
[2022.03.24-08.42.57:586][  0]LogConfig: Setting CVar [[r.DOF.Gather.PostfilterMethod:1          ; Median3x3 postfilering method]]
[2022.03.24-08.42.57:586][  0]LogConfig: Setting CVar [[r.DOF.Gather.EnableBokehSettings:0       ; no bokeh simulation when gathering]]
[2022.03.24-08.42.57:586][  0]LogConfig: Setting CVar [[r.DOF.Gather.RingCount:4                 ; medium number of samples when gathering]]
[2022.03.24-08.42.57:586][  0]LogConfig: Setting CVar [[r.DOF.Scatter.ForegroundCompositing:1    ; additive foreground scattering]]
[2022.03.24-08.42.57:586][  0]LogConfig: Setting CVar [[r.DOF.Scatter.BackgroundCompositing:2    ; additive background scattering]]
[2022.03.24-08.42.57:586][  0]LogConfig: Setting CVar [[r.DOF.Scatter.EnableBokehSettings:1      ; bokeh simulation when scattering]]
[2022.03.24-08.42.57:586][  0]LogConfig: Setting CVar [[r.DOF.Scatter.MaxSpriteRatio:0.1         ; only a maximum of 10% of scattered bokeh]]
[2022.03.24-08.42.57:586][  0]LogConfig: Setting CVar [[r.DOF.Recombine.Quality:1                ; cheap slight out of focus]]
[2022.03.24-08.42.57:586][  0]LogConfig: Setting CVar [[r.DOF.Recombine.EnableBokehSettings:0    ; no bokeh simulation on slight out of focus]]
[2022.03.24-08.42.57:586][  0]LogConfig: Setting CVar [[r.DOF.TemporalAAQuality:1                ; more stable temporal accumulation]]
[2022.03.24-08.42.57:586][  0]LogConfig: Setting CVar [[r.DOF.Kernel.MaxForegroundRadius:0.025]]
[2022.03.24-08.42.57:586][  0]LogConfig: Setting CVar [[r.DOF.Kernel.MaxBackgroundRadius:0.025]]
[2022.03.24-08.42.57:586][  0]LogConfig: Applying CVar settings from Section [TextureQuality@3] File [D:/Workspace/Unreal/VRSpaceshipGame/Saved/Config/Windows/Scalability.ini]
[2022.03.24-08.42.57:586][  0]LogConfig: Setting CVar [[r.Streaming.MipBias:0]]
[2022.03.24-08.42.57:586][  0]LogConfig: Setting CVar [[r.Streaming.AmortizeCPUToGPUCopy:0]]
[2022.03.24-08.42.57:586][  0]LogConfig: Setting CVar [[r.Streaming.MaxNumTexturesToStreamPerFrame:0]]
[2022.03.24-08.42.57:586][  0]LogConfig: Setting CVar [[r.Streaming.Boost:1]]
[2022.03.24-08.42.57:587][  0]LogConfig: Setting CVar [[r.MaxAnisotropy:8]]
[2022.03.24-08.42.57:587][  0]LogConfig: Setting CVar [[r.VT.MaxAnisotropy:8]]
[2022.03.24-08.42.57:587][  0]LogConfig: Setting CVar [[r.Streaming.LimitPoolSizeToVRAM:0]]
[2022.03.24-08.42.57:587][  0]LogConfig: Setting CVar [[r.Streaming.PoolSize:1000]]
[2022.03.24-08.42.57:587][  0]LogConfig: Setting CVar [[r.Streaming.MaxEffectiveScreenSize:0]]
[2022.03.24-08.42.57:587][  0]LogConfig: Applying CVar settings from Section [EffectsQuality@3] File [D:/Workspace/Unreal/VRSpaceshipGame/Saved/Config/Windows/Scalability.ini]
[2022.03.24-08.42.57:587][  0]LogConfig: Setting CVar [[r.TranslucencyLightingVolumeDim:64]]
[2022.03.24-08.42.57:587][  0]LogConfig: Setting CVar [[r.RefractionQuality:2]]
[2022.03.24-08.42.57:587][  0]LogConfig: Setting CVar [[r.SSR.Quality:3]]
[2022.03.24-08.42.57:587][  0]LogConfig: Setting CVar [[r.SSR.HalfResSceneColor:0]]
[2022.03.24-08.42.57:587][  0]LogConfig: Setting CVar [[r.SceneColorFormat:4]]
[2022.03.24-08.42.57:587][  0]LogConfig: Setting CVar [[r.DetailMode:2]]
[2022.03.24-08.42.57:587][  0]LogConfig: Setting CVar [[r.TranslucencyVolumeBlur:1]]
[2022.03.24-08.42.57:587][  0]LogConfig: Setting CVar [[r.MaterialQualityLevel:1 ; High quality]]
[2022.03.24-08.42.57:587][  0]LogConfig: Setting CVar [[r.AnisotropicMaterials:1]]
[2022.03.24-08.42.57:587][  0]LogConfig: Setting CVar [[r.SSS.Scale:1]]
[2022.03.24-08.42.57:587][  0]LogConfig: Setting CVar [[r.SSS.SampleSet:2]]
[2022.03.24-08.42.57:587][  0]LogConfig: Setting CVar [[r.SSS.Quality:1]]
[2022.03.24-08.42.57:587][  0]LogConfig: Setting CVar [[r.SSS.HalfRes:0]]
[2022.03.24-08.42.57:587][  0]LogConfig: Setting CVar [[r.SSGI.Quality:3]]
[2022.03.24-08.42.57:587][  0]LogConfig: Setting CVar [[r.EmitterSpawnRateScale:1.0]]
[2022.03.24-08.42.57:587][  0]LogConfig: Setting CVar [[r.ParticleLightQuality:2]]
[2022.03.24-08.42.57:587][  0]LogConfig: Setting CVar [[r.SkyAtmosphere.AerialPerspectiveLUT.FastApplyOnOpaque:1 ; Always have FastSkyLUT 1 in this case to avoid wrong sky]]
[2022.03.24-08.42.57:587][  0]LogConfig: Setting CVar [[r.SkyAtmosphere.AerialPerspectiveLUT.SampleCountMaxPerSlice:4]]
[2022.03.24-08.42.57:587][  0]LogConfig: Setting CVar [[r.SkyAtmosphere.AerialPerspectiveLUT.DepthResolution:16.0]]
[2022.03.24-08.42.57:587][  0]LogConfig: Setting CVar [[r.SkyAtmosphere.FastSkyLUT:1]]
[2022.03.24-08.42.57:587][  0]LogConfig: Setting CVar [[r.SkyAtmosphere.FastSkyLUT.SampleCountMin:4.0]]
[2022.03.24-08.42.57:587][  0]LogConfig: Setting CVar [[r.SkyAtmosphere.FastSkyLUT.SampleCountMax:128.0]]
[2022.03.24-08.42.57:587][  0]LogConfig: Setting CVar [[r.SkyAtmosphere.SampleCountMin:4.0]]
[2022.03.24-08.42.57:587][  0]LogConfig: Setting CVar [[r.SkyAtmosphere.SampleCountMax:128.0]]
[2022.03.24-08.42.57:587][  0]LogConfig: Setting CVar [[r.SkyAtmosphere.TransmittanceLUT.UseSmallFormat:0]]
[2022.03.24-08.42.57:587][  0]LogConfig: Setting CVar [[r.SkyAtmosphere.TransmittanceLUT.SampleCount:10.0]]
[2022.03.24-08.42.57:587][  0]LogConfig: Setting CVar [[r.SkyAtmosphere.MultiScatteringLUT.SampleCount:15.0]]
[2022.03.24-08.42.57:587][  0]LogConfig: Setting CVar [[r.SkyLight.RealTimeReflectionCapture:1]]
[2022.03.24-08.42.57:587][  0]LogConfig: Applying CVar settings from Section [FoliageQuality@3] File [D:/Workspace/Unreal/VRSpaceshipGame/Saved/Config/Windows/Scalability.ini]
[2022.03.24-08.42.57:587][  0]LogConfig: Setting CVar [[foliage.DensityScale:1.0]]
[2022.03.24-08.42.57:587][  0]LogConfig: Setting CVar [[grass.DensityScale:1.0]]
[2022.03.24-08.42.57:587][  0]LogConfig: Applying CVar settings from Section [ShadingQuality@3] File [D:/Workspace/Unreal/VRSpaceshipGame/Saved/Config/Windows/Scalability.ini]
[2022.03.24-08.42.57:587][  0]LogConfig: Setting CVar [[r.HairStrands.SkyLighting.IntegrationType:2]]
[2022.03.24-08.42.57:587][  0]LogConfig: Setting CVar [[r.HairStrands.SkyAO.SampleCount:4]]
[2022.03.24-08.42.57:587][  0]LogConfig: Setting CVar [[r.HairStrands.Visibility.MSAA.SamplePerPixel:4]]
[2022.03.24-08.42.57:587][  0]LogConfig: Applying CVar settings from Section [Startup] File [../../../Engine/Config/ConsoleVariables.ini]
[2022.03.24-08.42.57:587][  0]LogConfig: Setting CVar [[net.UseAdaptiveNetUpdateFrequency:0]]
[2022.03.24-08.42.57:587][  0]LogConfig: Setting CVar [[p.chaos.AllowCreatePhysxBodies:1]]
[2022.03.24-08.42.57:587][  0]LogConfig: Setting CVar [[fx.SkipVectorVMBackendOptimizations:1]]
[2022.03.24-08.42.57:587][  0]LogConfig: Applying CVar settings from Section [ConsoleVariables] File [D:/Workspace/Unreal/VRSpaceshipGame/Saved/Config/Windows/Engine.ini]
[2022.03.24-08.42.57:587][  0]LogConfig: Applying CVar settings from Section [ConsoleVariables] File [D:/Workspace/Unreal/VRSpaceshipGame/Saved/Config/Windows/Editor.ini]
[2022.03.24-08.42.57:587][  0]LogInit: Computer: LAPTOP-ETR0QNFM
[2022.03.24-08.42.57:587][  0]LogInit: User: keega
[2022.03.24-08.42.57:587][  0]LogInit: CPU Page size=4096, Cores=6
[2022.03.24-08.42.57:587][  0]LogInit: High frequency timer resolution =10.000000 MHz
[2022.03.24-08.42.57:587][  0]LogMemory: Memory total: Physical=15.9GB (16GB approx)
[2022.03.24-08.42.57:587][  0]LogMemory: Platform Memory Stats for Windows
[2022.03.24-08.42.57:587][  0]LogMemory: Process Physical Memory: 153.38 MB used, 153.38 MB peak
[2022.03.24-08.42.57:587][  0]LogMemory: Process Virtual Memory: 138.00 MB used, 138.00 MB peak
[2022.03.24-08.42.57:587][  0]LogMemory: Physical Memory: 10955.91 MB used,  5279.07 MB free, 16234.98 MB total
[2022.03.24-08.42.57:587][  0]LogMemory: Virtual Memory: 134173344.00 MB used,  44384.51 MB free, 134217728.00 MB total
[2022.03.24-08.42.58:537][  0]LogWindows: WindowsPlatformFeatures enabled
[2022.03.24-08.42.58:583][  0]LogInit: Physics initialised using underlying interface: PhysX
[2022.03.24-08.42.58:584][  0]LogInit: Using OS detected language (en-US).
[2022.03.24-08.42.58:584][  0]LogInit: Using OS detected locale (en-US).
[2022.03.24-08.42.58:586][  0]LogTextLocalizationManager: No specific localization for 'en-US' exists, so the 'en' localization will be used.
[2022.03.24-08.42.58:781][  0]LogInit: Setting process to per monitor DPI aware
[2022.03.24-08.42.58:802][  0]LogWindowsTextInputMethodSystem: Display: IME system deactivated.
[2022.03.24-08.42.58:817][  0]LogSlate: New Slate User Created.  User Index 0, Is Virtual User: 0
[2022.03.24-08.42.58:818][  0]LogSlate: Slate User Registered.  User Index 0, Is Virtual User: 0
[2022.03.24-08.42.58:965][  0]LogD3D11RHI: Loaded GFSDK_Aftermath_Lib.x64.dll
[2022.03.24-08.42.59:071][  0]LogD3D11RHI: D3D11 min allowed feature level: 11_0
[2022.03.24-08.42.59:071][  0]LogD3D11RHI: D3D11 max allowed feature level: 11_0
[2022.03.24-08.42.59:071][  0]LogD3D11RHI: D3D11 adapters:
[2022.03.24-08.42.59:181][  0]LogD3D11RHI:    0. 'NVIDIA GeForce GTX 1060' (Feature Level 11_0)
[2022.03.24-08.42.59:181][  0]LogD3D11RHI:       6052/0/8117 MB DedicatedVideo/DedicatedSystem/SharedSystem, Outputs:1, VendorId:0x10de
[2022.03.24-08.42.59:201][  0]LogD3D11RHI:    1. 'Intel(R) UHD Graphics 630' (Feature Level 11_0)
[2022.03.24-08.42.59:201][  0]LogD3D11RHI:       128/0/8117 MB DedicatedVideo/DedicatedSystem/SharedSystem, Outputs:0, VendorId:0x8086
[2022.03.24-08.42.59:204][  0]LogD3D11RHI:    2. 'Microsoft Basic Render Driver' (Feature Level 11_0)
[2022.03.24-08.42.59:204][  0]LogD3D11RHI:       0/0/8117 MB DedicatedVideo/DedicatedSystem/SharedSystem, Outputs:0, VendorId:0x1414
[2022.03.24-08.42.59:223][  0]LogD3D11RHI:    3. 'Intel(R) UHD Graphics 630' (Feature Level 11_0)
[2022.03.24-08.42.59:223][  0]LogD3D11RHI:       128/0/8117 MB DedicatedVideo/DedicatedSystem/SharedSystem, Outputs:0, VendorId:0x8086
[2022.03.24-08.42.59:223][  0]LogD3D11RHI: Chosen D3D11 Adapter:
[2022.03.24-08.42.59:223][  0]LogD3D11RHI:     Description : NVIDIA GeForce GTX 1060
[2022.03.24-08.42.59:223][  0]LogD3D11RHI:     VendorId    : 10de
[2022.03.24-08.42.59:223][  0]LogD3D11RHI:     DeviceId    : 1c20
[2022.03.24-08.42.59:223][  0]LogD3D11RHI:     SubSysId    : 183e1043
[2022.03.24-08.42.59:223][  0]LogD3D11RHI:     Revision    : 00a1
[2022.03.24-08.42.59:223][  0]LogD3D11RHI:     DedicatedVideoMemory : 6345981952 bytes
[2022.03.24-08.42.59:223][  0]LogD3D11RHI:     DedicatedSystemMemory : 0 bytes
[2022.03.24-08.42.59:223][  0]LogD3D11RHI:     SharedSystemMemory : 8511807488 bytes
[2022.03.24-08.42.59:223][  0]LogD3D11RHI:     AdapterLuid : 0 74848
[2022.03.24-08.42.59:242][  0]LogD3D11RHI: Creating new Direct3DDevice
[2022.03.24-08.42.59:242][  0]LogD3D11RHI:     GPU DeviceId: 0x1c20 (for the marketing name, search the web for "GPU Device Id")
[2022.03.24-08.42.59:242][  0]LogWindows: EnumDisplayDevices:
[2022.03.24-08.42.59:242][  0]LogWindows:    0. 'Intel(R) UHD Graphics 630' (P:1 D:1)
[2022.03.24-08.42.59:242][  0]LogWindows:    1. 'Intel(R) UHD Graphics 630' (P:0 D:0)
[2022.03.24-08.42.59:243][  0]LogWindows:    2. 'Intel(R) UHD Graphics 630' (P:0 D:0)
[2022.03.24-08.42.59:243][  0]LogWindows:    3. 'NVIDIA GeForce GTX 1060' (P:0 D:0)
[2022.03.24-08.42.59:243][  0]LogWindows:    4. 'NVIDIA GeForce GTX 1060' (P:0 D:0)
[2022.03.24-08.42.59:243][  0]LogWindows:    5. 'NVIDIA GeForce GTX 1060' (P:0 D:0)
[2022.03.24-08.42.59:244][  0]LogWindows:    6. 'NVIDIA GeForce GTX 1060' (P:0 D:0)
[2022.03.24-08.42.59:244][  0]LogWindows:    7. 'LuminonCore IDDCX Adapter' (P:0 D:0)
[2022.03.24-08.42.59:244][  0]LogWindows:    8. 'LuminonCore IDDCX Adapter' (P:0 D:0)
[2022.03.24-08.42.59:244][  0]LogWindows:    9. 'LuminonCore IDDCX Adapter' (P:0 D:0)
[2022.03.24-08.42.59:245][  0]LogWindows:    10. 'LuminonCore IDDCX Adapter' (P:0 D:0)
[2022.03.24-08.42.59:245][  0]LogWindows:    11. 'LuminonCore IDDCX Adapter' (P:0 D:0)
[2022.03.24-08.42.59:245][  0]LogWindows:    12. 'LuminonCore IDDCX Adapter' (P:0 D:0)
[2022.03.24-08.42.59:245][  0]LogWindows:    13. 'LuminonCore IDDCX Adapter' (P:0 D:0)
[2022.03.24-08.42.59:245][  0]LogWindows:    14. 'LuminonCore IDDCX Adapter' (P:0 D:0)
[2022.03.24-08.42.59:246][  0]LogWindows:    15. 'LuminonCore IDDCX Adapter' (P:0 D:0)
[2022.03.24-08.42.59:246][  0]LogWindows:    16. 'LuminonCore IDDCX Adapter' (P:0 D:0)
[2022.03.24-08.42.59:246][  0]LogWindows:    17. 'LuminonCore IDDCX Adapter' (P:0 D:0)
[2022.03.24-08.42.59:246][  0]LogWindows:    18. 'LuminonCore IDDCX Adapter' (P:0 D:0)
[2022.03.24-08.42.59:246][  0]LogWindows:    19. 'LuminonCore IDDCX Adapter' (P:0 D:0)
[2022.03.24-08.42.59:247][  0]LogWindows:    20. 'LuminonCore IDDCX Adapter' (P:0 D:0)
[2022.03.24-08.42.59:247][  0]LogWindows:    21. 'LuminonCore IDDCX Adapter' (P:0 D:0)
[2022.03.24-08.42.59:247][  0]LogWindows:    22. 'LuminonCore IDDCX Adapter' (P:0 D:0)
[2022.03.24-08.42.59:247][  0]LogWindows: DebugString: PrimaryIsNotTheChoosenAdapter PrimaryIsNotTheChoosenAdapter PrimaryIsNotTheChoosenAdapter GetVideoDriverDetailsInvalid PrimaryIsNotTheChoosenAdapter GetVideoDriverDetailsInvalid PrimaryIsNotTheChoosenAdapter GetVideoDriverDetailsInvalid PrimaryIsNotTheChoosenAdapter GetVideoDriverDetailsInvalid PrimaryIsNotTheChoosenAdapter GetVideoDriverDetailsInvalid PrimaryIsNotTheChoosenAdapter GetVideoDriverDetailsInvalid PrimaryIsNotTheChoosenAdapter GetVideoDriverDetailsInvalid PrimaryIsNotTheChoosenAdapter GetVideoDriverDetailsInvalid PrimaryIsNotTheChoosenAdapter GetVideoDriverDetailsInvalid PrimaryIsNotTheChoosenAdapter GetVideoDriverDetailsInvalid PrimaryIsNotTheChoosenAdapter GetVideoDriverDetailsInvalid PrimaryIsNotTheChoosenAdapter GetVideoDriverDetailsInvalid PrimaryIsNotTheChoosenAdapter GetVideoDriverDetailsInvalid PrimaryIsNotTheChoosenAdapter GetVideoDriverDetailsInvalid PrimaryIsNotTheChoosenAdapter GetVideoDriverDetailsInvalid PrimaryIsNotTheChoosenAdapter GetVideoDriverDetailsInvalid PrimaryIsNotTheChoosenAdapter FoundDriverCount:4 
[2022.03.24-08.42.59:247][  0]LogD3D11RHI:     Adapter Name: NVIDIA GeForce GTX 1060
[2022.03.24-08.42.59:247][  0]LogD3D11RHI:   Driver Version: 465.89 (internal:27.21.14.6589, unified:465.89)
[2022.03.24-08.42.59:247][  0]LogD3D11RHI:      Driver Date: 3-25-2021
[2022.03.24-08.42.59:247][  0]LogRHI: Texture pool is 4236 MB (70% of 6052 MB)
[2022.03.24-08.42.59:247][  0]LogD3D11RHI: Creating D3DDevice using adapter:
[2022.03.24-08.42.59:247][  0]LogD3D11RHI:     Description : NVIDIA GeForce GTX 1060
[2022.03.24-08.42.59:247][  0]LogD3D11RHI:     VendorId    : 10de
[2022.03.24-08.42.59:247][  0]LogD3D11RHI:     DeviceId    : 1c20
[2022.03.24-08.42.59:247][  0]LogD3D11RHI:     SubSysId    : 183e1043
[2022.03.24-08.42.59:247][  0]LogD3D11RHI:     Revision    : 00a1
[2022.03.24-08.42.59:247][  0]LogD3D11RHI:     DedicatedVideoMemory : 6345981952 bytes
[2022.03.24-08.42.59:247][  0]LogD3D11RHI:     DedicatedSystemMemory : 0 bytes
[2022.03.24-08.42.59:247][  0]LogD3D11RHI:     SharedSystemMemory : 8511807488 bytes
[2022.03.24-08.42.59:247][  0]LogD3D11RHI:     AdapterLuid : 0 74848
[2022.03.24-08.42.59:310][  0]LogD3D11RHI: RHI has support for 64 bit atomics
[2022.03.24-08.42.59:310][  0]LogD3D11RHI: Async texture creation enabled
[2022.03.24-08.42.59:310][  0]LogD3D11RHI: Array index from any shader is supported
[2022.03.24-08.42.59:334][  0]LogD3D11RHI: GPU Timing Frequency: 1000.000000 (Debug: 2 1)
[2022.03.24-08.42.59:362][  0]LogRHI: GeForceNow SDK initialized: 1
[2022.03.24-08.42.59:719][  0]LogTargetPlatformManager: Display: Loaded TargetPlatform 'AllDesktop'
[2022.03.24-08.42.59:741][  0]LogTargetPlatformManager: Display: Loaded TargetPlatform 'Android'
[2022.03.24-08.42.59:741][  0]LogTargetPlatformManager: Display: Loaded TargetPlatform 'Android_ASTC'
[2022.03.24-08.42.59:741][  0]LogTargetPlatformManager: Display: Loaded TargetPlatform 'Android_DXT'
[2022.03.24-08.42.59:741][  0]LogTargetPlatformManager: Display: Loaded TargetPlatform 'Android_ETC2'
[2022.03.24-08.42.59:742][  0]LogTargetPlatformManager: Display: Loaded TargetPlatform 'AndroidClient'
[2022.03.24-08.42.59:742][  0]LogTargetPlatformManager: Display: Loaded TargetPlatform 'Android_ASTCClient'
[2022.03.24-08.42.59:742][  0]LogTargetPlatformManager: Display: Loaded TargetPlatform 'Android_DXTClient'
[2022.03.24-08.42.59:742][  0]LogTargetPlatformManager: Display: Loaded TargetPlatform 'Android_ETC2Client'
[2022.03.24-08.42.59:742][  0]LogTargetPlatformManager: Display: Loaded TargetPlatform 'Android_Multi'
[2022.03.24-08.42.59:742][  0]LogTargetPlatformManager: Display: Loaded TargetPlatform 'Android_MultiClient'
[2022.03.24-08.42.59:761][  0]LogTargetPlatformManager: Display: Loaded TargetPlatform 'IOSClient'
[2022.03.24-08.42.59:761][  0]LogTargetPlatformManager: Display: Loaded TargetPlatform 'IOS'
[2022.03.24-08.42.59:769][  0]LogTargetPlatformManager: Display: Loaded TargetPlatform 'Linux'
[2022.03.24-08.42.59:774][  0]LogTargetPlatformManager: Display: Loaded TargetPlatform 'LinuxNoEditor'
[2022.03.24-08.42.59:779][  0]LogTargetPlatformManager: Display: Loaded TargetPlatform 'LinuxClient'
[2022.03.24-08.42.59:784][  0]LogTargetPlatformManager: Display: Loaded TargetPlatform 'LinuxServer'
[2022.03.24-08.42.59:792][  0]LogTargetPlatformManager: Display: Loaded TargetPlatform 'LinuxAArch64NoEditor'
[2022.03.24-08.42.59:797][  0]LogTargetPlatformManager: Display: Loaded TargetPlatform 'LinuxAArch64Client'
[2022.03.24-08.42.59:802][  0]LogTargetPlatformManager: Display: Loaded TargetPlatform 'LinuxAArch64Server'
[2022.03.24-08.42.59:823][  0]LogTargetPlatformManager: Display: Loaded TargetPlatform 'Lumin'
[2022.03.24-08.42.59:823][  0]LogTargetPlatformManager: Display: Loaded TargetPlatform 'LuminClient'
[2022.03.24-08.42.59:833][  0]LogTargetPlatformManager: Display: Loaded TargetPlatform 'MacNoEditor'
[2022.03.24-08.42.59:836][  0]LogTargetPlatformManager: Display: Loaded TargetPlatform 'Mac'
[2022.03.24-08.42.59:841][  0]LogTargetPlatformManager: Display: Loaded TargetPlatform 'MacClient'
[2022.03.24-08.42.59:845][  0]LogTargetPlatformManager: Display: Loaded TargetPlatform 'MacServer'
[2022.03.24-08.42.59:856][  0]LogTargetPlatformManager: Display: Loaded TargetPlatform 'TVOSClient'
[2022.03.24-08.42.59:856][  0]LogTargetPlatformManager: Display: Loaded TargetPlatform 'TVOS'
[2022.03.24-08.42.59:866][  0]LogTargetPlatformManager: Display: Loaded TargetPlatform 'WindowsNoEditor'
[2022.03.24-08.42.59:872][  0]LogTargetPlatformManager: Display: Loaded TargetPlatform 'Windows'
[2022.03.24-08.42.59:877][  0]LogTargetPlatformManager: Display: Loaded TargetPlatform 'WindowsClient'
[2022.03.24-08.42.59:882][  0]LogTargetPlatformManager: Display: Loaded TargetPlatform 'WindowsServer'
[2022.03.24-08.42.59:882][  0]LogTargetPlatformManager: Display: Building Assets For Windows
[2022.03.24-08.42.59:890][  0]LogAudioDebug: Display: Lib vorbis DLL was dynamically loaded.
[2022.03.24-08.42.59:918][  0]LogTextureFormatOodle: Display: Oodle Texture 2.9.0 init RDO Off
[2022.03.24-08.42.59:954][  0]LogRendererCore: Ray tracing is disabled. Reason: r.RayTracing=0.
[2022.03.24-08.42.59:954][  0]LogShaderCompilers: Guid format shader working directory is -3 characters bigger than the processId version (../../../../../Workspace/Unreal/VRSpaceshipGame/Intermediate/Shaders/WorkingDirectory/177164/).
[2022.03.24-08.42.59:954][  0]LogShaderCompilers: Cleaned the shader compiler working directory 'C:/Users/keega/AppData/Local/Temp/UnrealShaderWorkingDir/CD9EC8014915C0662B67C9B71831E766/'.
[2022.03.24-08.42.59:954][  0]LogXGEController: Cannot use XGE Controller as Incredibuild is not installed on this machine.
[2022.03.24-08.42.59:954][  0]LogShaderCompilers: Cannot use XGE Shader Compiler as Incredibuild is not installed on this machine.
[2022.03.24-08.42.59:954][  0]LogShaderCompilers: Display: Using Local Shader Compiler.
[2022.03.24-08.43.00:749][  0]LogDerivedDataCache: Display: Max Cache Size: 512 MB
[2022.03.24-08.43.00:827][  0]LogDerivedDataCache: Loaded boot cache 0.08s 122MB C:/Users/keega/AppData/Local/UnrealEngine/4.27/DerivedDataCache/Boot.ddc.
[2022.03.24-08.43.00:827][  0]LogDerivedDataCache: Display: Loaded Boot cache: C:/Users/keega/AppData/Local/UnrealEngine/4.27/DerivedDataCache/Boot.ddc
[2022.03.24-08.43.00:827][  0]LogDerivedDataCache: FDerivedDataBackendGraph:  Pak pak cache file ../../../../../Workspace/Unreal/VRSpaceshipGame/DerivedDataCache/DDC.ddp not found, will not use a pak cache.
[2022.03.24-08.43.00:827][  0]LogDerivedDataCache: Unable to find inner node Pak for hierarchical cache Hierarchy.
[2022.03.24-08.43.00:828][  0]LogDerivedDataCache: FDerivedDataBackendGraph:  CompressedPak pak cache file ../../../../../Workspace/Unreal/VRSpaceshipGame/DerivedDataCache/Compressed.ddp not found, will not use a pak cache.
[2022.03.24-08.43.00:828][  0]LogDerivedDataCache: Unable to find inner node CompressedPak for hierarchical cache Hierarchy.
[2022.03.24-08.43.00:843][  0]LogDerivedDataCache: Display: Pak cache opened for reading ../../../Engine/DerivedDataCache/Compressed.ddp.
[2022.03.24-08.43.00:843][  0]LogDerivedDataCache: FDerivedDataBackendGraph:  EnterprisePak pak cache file ../../../Enterprise/DerivedDataCache/Compressed.ddp not found, will not use a pak cache.
[2022.03.24-08.43.00:843][  0]LogDerivedDataCache: Unable to find inner node EnterprisePak for hierarchical cache Hierarchy.
[2022.03.24-08.43.00:851][  0]LogDerivedDataCache: Speed tests for C:/Users/keega/AppData/Local/UnrealEngine/Common/DerivedDataCache took 0.01 seconds
[2022.03.24-08.43.00:851][  0]LogDerivedDataCache: Display: Performance to C:/Users/keega/AppData/Local/UnrealEngine/Common/DerivedDataCache: Latency=0.03ms. RandomReadSpeed=1395.51MBs, RandomWriteSpeed=158.45MBs. Assigned SpeedClass 'Local'
[2022.03.24-08.43.00:852][  0]LogDerivedDataCache: Using Local data cache path C:/Users/keega/AppData/Local/UnrealEngine/Common/DerivedDataCache: Writable
[2022.03.24-08.43.00:852][  0]LogDerivedDataCache: Shared data cache path not found in *engine.ini, will not use an Shared cache.
[2022.03.24-08.43.00:852][  0]LogDerivedDataCache: Unable to find inner node Shared for hierarchical cache Hierarchy.
[2022.03.24-08.43.00:903][  0]LogSlate: Using FreeType 2.10.0
[2022.03.24-08.43.00:903][  0]LogSlate: SlateFontServices - WITH_FREETYPE: 1, WITH_HARFBUZZ: 1
[2022.03.24-08.43.00:933][  0]LogAssetRegistry: FAssetRegistry took 0.0044 seconds to start up
[2022.03.24-08.43.01:179][  0]LogInit: Selected Device Profile: [Windows]
[2022.03.24-08.43.01:179][  0]LogInit: Active device profile: [0000015FC7E80B00][0000015FC5F51A40 49] Windows
[2022.03.24-08.43.01:179][  0]LogInit: Profiles: [0000015FC7E80B00][0000015FC5F51A40 49] Windows, [0000015FC7E52100][0000015FC76F1BC0 49] WindowsNoEditor, [0000015FC7E81900][0000015FC76F41C0 49] WindowsServer, [0000015FC7E52E00][0000015FC76F8340 49] WindowsClient, [0000015FC7E83C00][0000015FC76FC4C0 49] IOS, [0000015FC7E50F00][0000015FC7700640 49] iPadAir, [0000015FC7E83E00][0000015FC77047C0 49] iPadAir2, [0000015FC7DE0C00][0000015FC8F0CA80 49] IPadPro, [0000015FC7DE0D00][0000015FC8F08AC0 49] iPadAir3, [0000015FC7E53B00][0000015FC8F10C40 49] iPadAir4, [0000015FC7DE3600][0000015FC5F54D80 49] iPadMini2, [0000015FC7E53200][0000015FC6292EC0 49] iPadMini3, [0000015FC7DE3800][0000015FC6297000 49] iPadMini4, [0000015FC7E53800][0000015FC629B140 49] iPadMini5, [0000015FC7DDC600][0000015FC62A7400 49] iPhone6, [0000015FC7DDC700][0000015FC62A3440 49] iPodTouch6, [0000015FC7E82900][0000015FC73F7700 49] iPhone7, [0000015FC7E82800][0000015FC73F3740 49] iPodTouch7, [0000015FC7DDC100][0000015FC73FB8C0 49] iPhone5S, [0000015FC7DE0700][0000015FBBA97A40 49] iPhone6Plus, [0000015FC7DDE500][0000015FC9213BC0 49] iPhone6S, [0000015FC7DE1300][0000015FC92161C0 49] iPhone6SPlus, [0000015FC7DDFB00][0000015FC921A340 49] iPhone7Plus, [0000015FC7DE3500][0000015FBAB804C0 49] iPhoneSE, [0000015FC7E82600][0000015FBAB84640 49] iPhone8, [0000015FC7DE0600][0000015FBAB887C0 49] iPhone8Plus, [0000015FC7E82200][0000015FBAB8C940 49] iPhoneX, [0000015FC7DE3300][0000015FBAB90AC0 49] iPhoneXS, [0000015FC7E83400][0000015FBAB94C40 49] iPhoneXSMax, [0000015FC7DE2D00][0000015FBAB98DC0 49] iPhoneXR, [0000015FC7E80200][0000015FBAB9CF40 49] iPhone11, [0000015FC7DE1E00][0000015FC629F080 49] iPhone11Pro, [0000015FC7E82A00][0000015FBBA931C0 49] iPhone11ProMax, [0000015FC7DE3700][0000015FC76B7300 49] iPhoneSE2, [0000015FC7E80D00][0000015FC7709480 49] iPhone12Mini, [0000015FC7DE1F00][0000015FC770D600 49] iPhone12, [0000015FC7E80700][0000015FC7711780 49] iPhone12Pro, [0000015FC7DE1400][0000015FC7715900 49] iPhone12ProMax, [0000015FC7E80C00][0000015FC7719A80 49] iPadPro105, [0000015FC7DE1700][0000015FC771DC00 49] iPadPro129, [0000015FC7E80100][0000015FC7720200 49] iPadPro97, [0000015FC7DE3C00][0000015FC7724380 49] iPadPro2_129, [0000015FC7E80800][0000015FC7728500 49] iPad5, [0000015FC7DE3100][0000015FC772C680 49] iPad6, [0000015FC7E80500][0000015FC8ECC800 49] iPad7, [0000015FC7DE2800][0000015FC8ED0980 49] iPad8, [0000015FC7E81500][0000015FC8ED4B00 49] iPadPro11, [0000015FC7DE1500][0000015FC8ED8C80 49] iPadPro2_11, [0000015FC7E80F00][0000015FC8EDCE00 49] iPadPro3_129, [0000015FC7DE2C00][0000015FC8EE0F80 49] iPadPro4_129, [0000015FC7E82500][0000015FC8EE5100 49] AppleTV, [0000015FC7DE1100][0000015FBABA1240 49] AppleTV4K, [0000015FC7E80400][0000015FC8EE9380 49] TVOS, [0000015FC7DE2600][0000015FC8EED4C0 49] Mac, [0000015FC7E83D00][0000015FC8EF5640 49] MacClient, [0000015FC7DE1800][0000015FC8EF97C0 49] MacNoEditor, [0000015FC7E83100][0000015FC8EFD940 49] MacServer, [0000015FC7DE3900][0000015FC8F01AC0 49] Linux, [0000015FC7E80900][0000015FC8F040C0 49] LinuxAArch64, [0000015FC7DE3F00][0000015FC740A240 49] LinuxNoEditor, [0000015FC7E81B00][0000015FC740E3C0 49] LinuxAArch64NoEditor, [0000015FC7DE3400][0000015FC7412540 49] LinuxClient, [0000015FC7E81C00][0000015FC74166C0 49] LinuxAArch64Client, [0000015FC7DE1D00][0000015FC741A840 49] LinuxServer, [0000015FC7E82F00][0000015FC741E9C0 49] LinuxAArch64Server, [0000015FC7DE0500][0000015FC7422B40 49] Android, [0000015FC7E81E00][0000015FC7426CC0 49] Android_Low, [0000015FC7DE3000][0000015FC742AE40 49] Android_Mid, [0000015FC7E82400][0000015FC742EFC0 49] Android_High, [0000015FC7DE0800][0000015FC7433140 49] Android_Default, [0000015FC7E83200][0000015FC74372C0 49] Android_Adreno4xx, [0000015FC7E52400][0000015FC8EF1400 49] Android_Adreno5xx_Low, [0000015FC7DDDC00][0000015FC743B540 49] Android_Adreno5xx, [0000015FC7E53D00][0000015FC743F680 49] Android_Adreno6xx, [0000015FC7DDEB00][0000015FC74437C0 49] Android_Adreno6xx_Vulkan, [0000015FC7E53E00][0000015FC744B940 49] Android_Mali_T6xx, [0000015FC7DDCF00][0000015FC744FAC0 49] Android_Mali_T7xx, [0000015FC7E51300][0000015FC74520C0 49] Android_Mali_T8xx, [0000015FC7DDDF00][0000015FC7456240 49] Android_Mali_G71, [0000015FC7E51C00][0000015FC745A3C0 49] Android_Mali_G72, [0000015FC7DDE400][0000015FC8E20540 49] Android_Mali_G72_Vulkan, [0000015FC7E53600][0000015FC8E246C0 49] Android_Mali_G76, [0000015FC7DDE100][0000015FC8E28840 49] Android_Mali_G76_Vulkan, [0000015FC7E51B00][0000015FC8E2C9C0 49] Android_Mali_G77, [0000015FC7DDCA00][0000015FC8E30B40 49] Android_Mali_G77_Vulkan, [0000015FC7E53400][0000015FC8E34CC0 49] Android_Mali_G78, [0000015FC7DDD300][0000015FC8E38E40 49] Android_Mali_G78_Vulkan, [0000015FC7E52900][0000015FC8E3CFC0 49] Android_Mali_G710, [0000015FC7DDFD00][0000015FC8E41140 49] Android_Mali_G710_Vulkan, [0000015FC7E51E00][0000015FC8E452C0 49] Android_Vulkan_SM5, [0000015FC7DDC900][0000015FC8E49440 49] Android_PowerVR_G6xxx, [0000015FC7E51F00][0000015FC7447580 49] Android_PowerVR_GT7xxx, [0000015FC7DDE700][0000015FC8E4D6C0 49] Android_PowerVR_GE8xxx, [0000015FC7E52300][0000015FC8E51800 49] Android_PowerVR_GM9xxx, [0000015FC7DDF200][0000015FC8E55940 49] Android_PowerVR_GM9xxx_Vulkan, [0000015FC7E53000][0000015FC8E5DAC0 49] Android_TegraK1, [0000015FC7DDD700][0000015FC8E600C0 49] Android_Unknown_Vulkan, [0000015FC7E53700][0000015FC8E64240 49] Lumin, [0000015FC7DDC200][0000015FC8E683C0 49] Lumin_Desktop, [0000015FC7E52200][0000015FC8E6C540 49] HoloLens, 
[2022.03.24-08.43.01:315][  0]LogMeshReduction: Using QuadricMeshReduction for automatic static mesh reduction
[2022.03.24-08.43.01:315][  0]LogMeshReduction: Using SimplygonMeshReduction for automatic skeletal mesh reduction
[2022.03.24-08.43.01:315][  0]LogMeshReduction: Using ProxyLODMeshReduction for automatic mesh merging
[2022.03.24-08.43.01:315][  0]LogMeshReduction: No distributed automatic mesh merging module available
[2022.03.24-08.43.01:315][  0]LogMeshMerging: No distributed automatic mesh merging module available
[2022.03.24-08.43.01:331][  0]LogNetVersion: SpaceShip 1.0.0, NetCL: 17155196, EngineNetVer: 17, GameNetVer: 0 (Checksum: 2746025199)
[2022.03.24-08.43.01:768][  0]LogTexture: Default maximum texture size for cubemaps generated from long-lat sources has been changed from 512 to unlimited. In order to preserve old behaiour for '/Engine/MapTemplates/Sky/DaylightAmbientCubemap.DaylightAmbientCubemap', its maximum texture size has been explicitly set to 512.
[2022.03.24-08.43.01:840][  0]LogHMD: PokeAHoleMaterial loaded successfully
[2022.03.24-08.43.01:846][  0]LogUObjectArray: 17098 objects as part of root set at end of initial load.
[2022.03.24-08.43.01:846][  0]LogUObjectAllocator: 4283840 out of 0 bytes used by permanent object pool.
[2022.03.24-08.43.01:846][  0]LogUObjectArray: CloseDisregardForGC: 0/0 objects in disregard for GC pool
